\BOOKMARK [0][-]{chapter*.3}{List of Tables}{}% 1
\BOOKMARK [0][-]{chapter*.4}{List of Figures}{}% 2
\BOOKMARK [-1][-]{part.1}{I Introduction and Background}{}% 3
\BOOKMARK [0][-]{chapter.1}{Introduction}{part.1}% 4
\BOOKMARK [1][-]{section.1.1}{Background and Motivation}{chapter.1}% 5
\BOOKMARK [1][-]{section.1.2}{Problem Statement}{chapter.1}% 6
\BOOKMARK [1][-]{section.1.3}{}{chapter.1}% 7
\BOOKMARK [1][-]{section.1.4}{Research Methods}{chapter.1}% 8
\BOOKMARK [1][-]{section.1.5}{Contributions}{chapter.1}% 9
\BOOKMARK [1][-]{section.1.6}{Thesis Outline}{chapter.1}% 10
\BOOKMARK [0][-]{chapter.2}{Background}{part.1}% 11
\BOOKMARK [1][-]{section.2.1}{Project Architecture}{chapter.2}% 12
\BOOKMARK [1][-]{section.2.2}{MVVM}{chapter.2}% 13
\BOOKMARK [1][-]{section.2.3}{Sleep Apnea}{chapter.2}% 14
\BOOKMARK [1][-]{section.2.4}{Flow Wrapper}{chapter.2}% 15
\BOOKMARK [1][-]{section.2.5}{Bluetooth LE}{chapter.2}% 16
\BOOKMARK [1][-]{section.2.6}{Android OS}{chapter.2}% 17
\BOOKMARK [1][-]{section.2.7}{Daniel}{chapter.2}% 18
\BOOKMARK [1][-]{section.2.8}{Viet}{chapter.2}% 19
\BOOKMARK [1][-]{section.2.9}{Svein}{chapter.2}% 20
\BOOKMARK [0][-]{chapter.3}{Related Work}{part.1}% 21
\BOOKMARK [1][-]{section.3.1}{Extensible Data Acquisition Tool}{chapter.3}% 22
\BOOKMARK [1][-]{section.3.2}{Extensible Data Stream Dispatching Tool}{chapter.3}% 23
\BOOKMARK [1][-]{section.3.3}{Database Model for Storing OSA Data}{chapter.3}% 24
\BOOKMARK [-1][-]{part.2}{II Design and Implementation}{}% 25
\BOOKMARK [0][-]{chapter.4}{Analysis and High-Level Design}{part.2}% 26
\BOOKMARK [1][-]{section.4.1}{High-Level Design}{chapter.4}% 27
\BOOKMARK [2][-]{subsection.4.1.1}{Stakeholders}{section.4.1}% 28
\BOOKMARK [2][-]{subsection.4.1.2}{Task Analysis}{section.4.1}% 29
\BOOKMARK [1][-]{section.4.2}{Seperation of Concerns}{chapter.4}% 30
\BOOKMARK [2][-]{subsection.4.2.1}{Recording}{section.4.2}% 31
\BOOKMARK [2][-]{subsection.4.2.2}{Sharing}{section.4.2}% 32
\BOOKMARK [2][-]{subsection.4.2.3}{Modules}{section.4.2}% 33
\BOOKMARK [2][-]{subsection.4.2.4}{Storage}{section.4.2}% 34
\BOOKMARK [2][-]{subsection.4.2.5}{Presentation}{section.4.2}% 35
\BOOKMARK [0][-]{chapter.5}{Implementation}{part.2}% 36
\BOOKMARK [-1][-]{part.3}{III Evaluation and Conclusion}{}% 37
\BOOKMARK [0][-]{chapter.6}{Experiments}{part.3}% 38
\BOOKMARK [0][-]{chapter.7}{Conclusion}{part.3}% 39
\BOOKMARK [-1][-]{chapter.7}{Appendix}{}% 40
\BOOKMARK [0][-]{appendix.A}{Power Data}{chapter.7}% 41
