\BOOKMARK [0][-]{chapter*.3}{List of Tables}{}% 1
\BOOKMARK [0][-]{chapter*.4}{List of Figures}{}% 2
\BOOKMARK [0][-]{chapter*.5}{List of Listings}{}% 3
\BOOKMARK [-1][-]{part.1}{I Introduction and Background}{}% 4
\BOOKMARK [0][-]{chapter.1}{Introduction}{part.1}% 5
\BOOKMARK [1][-]{section.1.1}{Background and Motivation}{chapter.1}% 6
\BOOKMARK [1][-]{section.1.2}{Problem Statement}{chapter.1}% 7
\BOOKMARK [1][-]{section.1.3}{Limitations}{chapter.1}% 8
\BOOKMARK [1][-]{section.1.4}{Research Method}{chapter.1}% 9
\BOOKMARK [2][-]{subsection.1.4.1}{Informational Phase}{section.1.4}% 10
\BOOKMARK [2][-]{subsection.1.4.2}{Propositional Phase}{section.1.4}% 11
\BOOKMARK [2][-]{subsection.1.4.3}{Analytical Phase}{section.1.4}% 12
\BOOKMARK [2][-]{subsection.1.4.4}{Evaluation Phase}{section.1.4}% 13
\BOOKMARK [1][-]{section.1.5}{Contributions}{chapter.1}% 14
\BOOKMARK [1][-]{section.1.6}{Thesis Outline}{chapter.1}% 15
\BOOKMARK [0][-]{chapter.2}{Background}{part.1}% 16
\BOOKMARK [1][-]{section.2.1}{CESAR: Project Structure}{chapter.2}% 17
\BOOKMARK [2][-]{subsection.2.1.1}{Extensible Data Acquisition Tool}{section.2.1}% 18
\BOOKMARK [2][-]{subsection.2.1.2}{Extensible Data Stream Dispatching Tool}{section.2.1}% 19
\BOOKMARK [2][-]{subsection.2.1.3}{Flow Sensor Kit}{section.2.1}% 20
\BOOKMARK [1][-]{section.2.2}{Android OS}{chapter.2}% 21
\BOOKMARK [2][-]{subsection.2.2.1}{Android Architecture}{section.2.2}% 22
\BOOKMARK [2][-]{subsection.2.2.2}{Application Components}{section.2.2}% 23
\BOOKMARK [2][-]{subsection.2.2.3}{Process and Threads}{section.2.2}% 24
\BOOKMARK [2][-]{subsection.2.2.4}{Inter-Process Communication \(IPC\)}{section.2.2}% 25
\BOOKMARK [2][-]{subsection.2.2.5}{Data and File Storage}{section.2.2}% 26
\BOOKMARK [2][-]{subsection.2.2.6}{Architecture Patterns}{section.2.2}% 27
\BOOKMARK [2][-]{subsection.2.2.7}{Power Management}{section.2.2}% 28
\BOOKMARK [2][-]{subsection.2.2.8}{Bluetooth Low Energy}{section.2.2}% 29
\BOOKMARK [0][-]{chapter.3}{Related Work}{part.1}% 30
\BOOKMARK [1][-]{section.3.1}{Summary}{chapter.3}% 31
\BOOKMARK [-1][-]{part.2}{II Design and Implementation}{}% 32
\BOOKMARK [0][-]{chapter.4}{Analysis and High-Level Design}{part.2}% 33
\BOOKMARK [1][-]{section.4.1}{Requirement Analysis}{chapter.4}% 34
\BOOKMARK [2][-]{subsection.4.1.1}{Stakeholders}{section.4.1}% 35
\BOOKMARK [2][-]{subsection.4.1.2}{Resource Efficiency}{section.4.1}% 36
\BOOKMARK [2][-]{subsection.4.1.3}{Security and Privacy}{section.4.1}% 37
\BOOKMARK [1][-]{section.4.2}{High-Level Design}{chapter.4}% 38
\BOOKMARK [2][-]{subsection.4.2.1}{Task Analysis}{section.4.2}% 39
\BOOKMARK [1][-]{section.4.3}{Seperation of Concerns}{chapter.4}% 40
\BOOKMARK [2][-]{subsection.4.3.1}{Recording}{section.4.3}% 41
\BOOKMARK [2][-]{subsection.4.3.2}{Sharing}{section.4.3}% 42
\BOOKMARK [2][-]{subsection.4.3.3}{Modules}{section.4.3}% 43
\BOOKMARK [2][-]{subsection.4.3.4}{Analytics}{section.4.3}% 44
\BOOKMARK [2][-]{subsection.4.3.5}{Storage}{section.4.3}% 45
\BOOKMARK [2][-]{subsection.4.3.6}{Presentation}{section.4.3}% 46
\BOOKMARK [1][-]{section.4.4}{Data Structure}{chapter.4}% 47
\BOOKMARK [2][-]{subsection.4.4.1}{Data Formats}{section.4.4}% 48
\BOOKMARK [2][-]{subsection.4.4.2}{Data Entities}{section.4.4}% 49
\BOOKMARK [2][-]{subsection.4.4.3}{Data Packets}{section.4.4}% 50
\BOOKMARK [0][-]{chapter.5}{Implementation}{part.2}% 51
\BOOKMARK [1][-]{section.5.1}{Application Components}{chapter.5}% 52
\BOOKMARK [2][-]{subsection.5.1.1}{Flow Sensor Wrapper}{section.5.1}% 53
\BOOKMARK [2][-]{subsection.5.1.2}{Data Stream Dispatching Module}{section.5.1}% 54
\BOOKMARK [2][-]{subsection.5.1.3}{Nidra}{section.5.1}% 55
\BOOKMARK [2][-]{subsection.5.1.4}{Inter-Process Communication}{section.5.1}% 56
\BOOKMARK [1][-]{section.5.2}{Implementation of Concerns}{chapter.5}% 57
\BOOKMARK [2][-]{subsection.5.2.1}{Recording}{section.5.2}% 58
\BOOKMARK [2][-]{subsection.5.2.2}{Sharing}{section.5.2}% 59
\BOOKMARK [2][-]{subsection.5.2.3}{Modules}{section.5.2}% 60
\BOOKMARK [2][-]{subsection.5.2.4}{Analytics}{section.5.2}% 61
\BOOKMARK [2][-]{subsection.5.2.5}{Storage}{section.5.2}% 62
\BOOKMARK [2][-]{subsection.5.2.6}{Presentation}{section.5.2}% 63
\BOOKMARK [1][-]{section.5.3}{Miscellaneous}{chapter.5}% 64
\BOOKMARK [2][-]{subsection.5.3.1}{Collecting Data Over a Longer Period}{section.5.3}% 65
\BOOKMARK [2][-]{subsection.5.3.2}{Android Manifest}{section.5.3}% 66
\BOOKMARK [-1][-]{part.3}{III Evaluation and Conclusion}{}% 67
\BOOKMARK [0][-]{chapter.6}{Evaluation}{part.3}% 68
\BOOKMARK [1][-]{section.6.1}{Experiments and Measurements}{chapter.6}% 69
\BOOKMARK [2][-]{subsection.6.1.1}{Experiment A: Orchestral Concert to Analyze Musical Absorption using Nidra to Collect Breathing Data}{section.6.1}% 70
\BOOKMARK [2][-]{subsection.6.1.2}{Experiment B: 9-Hours Recording}{section.6.1}% 71
\BOOKMARK [2][-]{subsection.6.1.3}{Experiment C: Performing User-Tests on Two Participants}{section.6.1}% 72
\BOOKMARK [2][-]{subsection.6.1.4}{Experiment D: Creating a Simple Module}{section.6.1}% 73
\BOOKMARK [1][-]{section.6.2}{Final Remarks}{chapter.6}% 74
\BOOKMARK [0][-]{chapter.7}{Conclusion}{part.3}% 75
\BOOKMARK [1][-]{section.7.1}{Summary}{chapter.7}% 76
\BOOKMARK [1][-]{section.7.2}{Contribution}{chapter.7}% 77
\BOOKMARK [1][-]{section.7.3}{Future Work}{chapter.7}% 78
\BOOKMARK [-1][-]{section.7.3}{Appendix}{}% 79
\BOOKMARK [0][-]{appendix.A}{Source Code}{section.7.3}% 80
\BOOKMARK [1][-]{section.A.1}{File and Folder Structure}{appendix.A}% 81
\BOOKMARK [0][-]{appendix.B}{Expatiate on Concert Experiement}{section.7.3}% 82
\BOOKMARK [1][-]{section.B.1}{Concert Day 1: Time-Series Graph}{appendix.B}% 83
\BOOKMARK [1][-]{section.B.2}{Concert Day 2: Time-Series Graph}{appendix.B}% 84
\BOOKMARK [1][-]{section.B.3}{Python Code for Plotting}{appendix.B}% 85
\BOOKMARK [0][-]{appendix.C}{Module Template}{section.7.3}% 86
\BOOKMARK [1][-]{section.C.1}{Application Setup}{appendix.C}% 87
\BOOKMARK [2][-]{subsection.C.1.1}{Download the Application}{section.C.1}% 88
\BOOKMARK [2][-]{subsection.C.1.2}{Change the Name of the Application}{section.C.1}% 89
\BOOKMARK [2][-]{subsection.C.1.3}{Rename the Package of the Application}{section.C.1}% 90
\BOOKMARK [2][-]{subsection.C.1.4}{Change the Application ID}{section.C.1}% 91
\BOOKMARK [1][-]{section.C.2}{Application Execution}{appendix.C}% 92
\BOOKMARK [2][-]{subsection.C.2.1}{Add the Module to Nidra}{section.C.2}% 93
\BOOKMARK [2][-]{subsection.C.2.2}{Retrieve the Data}{section.C.2}% 94
\BOOKMARK [0][-]{appendix.D}{Flow Sensor Wrapper}{section.7.3}% 95
